
> mindguard@0.1.0 dev
> next dev

  ▲ Next.js 14.2.16
  - Local:        http://localhost:3000
  - Environments: .env

 ✓ Starting...
 ✓ Ready in 2.8s
 ○ Compiling / ...
 ✓ Compiled / in 5.3s (938 modules)
 GET / 200 in 6423ms
 ✓ Compiled in 1130ms (447 modules)
 ○ Compiling /assessment ...
 ✓ Compiled /assessment in 1206ms (1010 modules)
 ○ Compiling /auth ...
 ✓ Compiled /auth in 827ms (1028 modules)
 GET /auth 200 in 217ms
 GET /auth 200 in 30ms
 ○ Compiling /dashboard ...
 ✓ Compiled /dashboard in 1870ms (1916 modules)
 ✓ Compiled /api/dashboard in 419ms (1020 modules)
Backend response status: 200
Backend result: {
  status: 'ok',
  message: 'Dashboard summary',
  data: {
    userInfo: {
      id: 'user_58',
      email: 'casdsadustomer@example.com',
      full_name: 'casdsadustomer@example.com',
      last_login: '2025-11-12T03:13:41.692773',
      is_authenticated: true
    },
    overall_health_score: 74,
    current_risk_level: 'normal',
    history: [],
    trends: [
      [Object], [Object],
      [Object], [Object],
      [Object], [Object],
      [Object]
    ],
    personalizedInsights: {
      encouragingMessage: 'Your mental health journey is important. Keep taking care of yourself.',
      psychologicalInsights: [Array],
      personalizedRecommendations: [Array],
      progressSummary: 'You have completed 0 assessment(s)',
      nextSteps: [Array]
    },
    widgets: {
      sleep_avg: 7.1,
      stress_avg: 4.2,
      exercise_per_week: 3,
      assessments_completed: 0
    },
    recent_assessments: []
  }
}
 GET /api/dashboard?userId=guest_user&access_token=eyJhbGciOiJIUzI1NiIsInR5cCI6IkpXVCJ9.eyJzdWIiOiJjYXNkc2FkdXN0b21lckBleGFtcGxlLmNvbSIsImV4cCI6MTc2MjkxOTAyMX0.ujP-OUKfKdkxwaVvAqdk9159HS-18WWh4rsi7KDY8gs 200 in 697ms
Backend response status: 200
Backend result: {
  status: 'ok',
  message: 'Dashboard summary',
  data: {
    userInfo: {
      id: 'user_58',
      email: 'casdsadustomer@example.com',
      full_name: 'casdsadustomer@example.com',
      last_login: '2025-11-12T03:13:41.692773',
      is_authenticated: true
    },
    overall_health_score: 74,
    current_risk_level: 'normal',
    history: [],
    trends: [
      [Object], [Object],
      [Object], [Object],
      [Object], [Object],
      [Object]
    ],
    personalizedInsights: {
      encouragingMessage: 'Your mental health journey is important. Keep taking care of yourself.',
      psychologicalInsights: [Array],
      personalizedRecommendations: [Array],
      progressSummary: 'You have completed 0 assessment(s)',
      nextSteps: [Array]
    },
    widgets: {
      sleep_avg: 7.1,
      stress_avg: 4.2,
      exercise_per_week: 3,
      assessments_completed: 0
    },
    recent_assessments: []
  }
}
 GET /api/dashboard?userId=guest_user&access_token=eyJhbGciOiJIUzI1NiIsInR5cCI6IkpXVCJ9.eyJzdWIiOiJjYXNkc2FkdXN0b21lckBleGFtcGxlLmNvbSIsImV4cCI6MTc2MjkxOTAyMX0.ujP-OUKfKdkxwaVvAqdk9159HS-18WWh4rsi7KDY8gs 200 in 32ms
 ○ Compiling /api/facial-analysis ...
 ✓ Compiled /api/facial-analysis in 524ms (1022 modules)
 POST /api/facial-analysis 200 in 949ms
 POST /api/facial-analysis 200 in 159ms
 POST /api/facial-analysis 200 in 304ms
 POST /api/facial-analysis 200 in 401ms
 POST /api/facial-analysis 200 in 279ms
 POST /api/facial-analysis 200 in 221ms
 ✓ Compiled /api/assessment in 362ms (1022 modules)
 POST /api/assessment 200 in 429ms
